<?xml version="1.0" encoding="UTF-8"?>
<!-- Generated by org.testng.reporters.JUnitReportReporter -->
<testsuite hostname="DESKTOP-6FQQ1FF" failures="0" tests="1" name="com.facebook.registrationTests.RegistrationTest" time="8.645" errors="0" timestamp="2023-10-08T14:38:37 EDT" skipped="0">
  <testcase classname="com.facebook.registrationTests.RegistrationTest" name="createRegistrationTest" time="8.645"/>
  <system-out/>
</testsuite> <!-- com.facebook.registrationTests.RegistrationTest -->
