<?xml version="1.0" encoding="UTF-8"?>
<!-- Generated by org.testng.reporters.JUnitReportReporter -->
<testsuite hostname="DESKTOP-6FQQ1FF" failures="0" tests="3" name="com.facebook.loginTests.LoginFunctionalTest" time="0.445" errors="0" timestamp="2023-10-08T12:48:31 EDT" skipped="0">
  <testcase classname="com.facebook.loginTests.LoginFunctionalTest" name="userNameTest" time="0.194"/>
  <system-out/>
  <testcase classname="com.facebook.loginTests.LoginFunctionalTest" name="passwordTest" time="0.135"/>
  <system-out/>
  <testcase classname="com.facebook.loginTests.LoginFunctionalTest" name="loginButtonTest" time="0.116"/>
  <system-out/>
</testsuite> <!-- com.facebook.loginTests.LoginFunctionalTest -->
